2014-08-07 09:53:10,560 [localhost-startStop-1] ERROR StackTrace  - Full Stack Trace:
org.springframework.beans.factory.BeanCreationException: Error creating bean with name 'transactionManagerPostProcessor': Initialization of bean failed; nested exception is org.springframework.beans.factory.BeanCreationException: Error creating bean with name 'transactionManager': Cannot resolve reference to bean 'sessionFactory' while setting bean property 'sessionFactory'; nested exception is org.springframework.beans.factory.BeanCreationException: Error creating bean with name 'sessionFactory': Invocation of init method failed; nested exception is groovy.lang.MissingPropertyException: No such property: surname for class: au.com.pws.people3.PersonName
	at org.springframework.beans.factory.support.AbstractAutowireCapableBeanFactory.doCreateBean(AbstractAutowireCapableBeanFactory.java:529)
	at org.codehaus.groovy.grails.commons.spring.ReloadAwareAutowireCapableBeanFactory.doCreateBean(ReloadAwareAutowireCapableBeanFactory.java:127)
	at org.springframework.beans.factory.support.AbstractAutowireCapableBeanFactory.createBean(AbstractAutowireCapableBeanFactory.java:458)
	at org.springframework.beans.factory.support.AbstractBeanFactory$1.getObject(AbstractBeanFactory.java:296)
	at org.springframework.beans.factory.support.DefaultSingletonBeanRegistry.getSingleton(DefaultSingletonBeanRegistry.java:223)
	at org.springframework.beans.factory.support.AbstractBeanFactory.doGetBean(AbstractBeanFactory.java:293)
	at org.springframework.beans.factory.support.AbstractBeanFactory.getBean(AbstractBeanFactory.java:198)
	at org.springframework.context.support.AbstractApplicationContext.registerBeanPostProcessors(AbstractApplicationContext.java:720)
	at org.springframework.context.support.AbstractApplicationContext.refresh(AbstractApplicationContext.java:464)
	at org.codehaus.groovy.grails.commons.spring.DefaultRuntimeSpringConfiguration.getApplicationContext(DefaultRuntimeSpringConfiguration.java:156)
	at org.codehaus.groovy.grails.commons.spring.GrailsRuntimeConfigurator.configure(GrailsRuntimeConfigurator.java:169)
	at org.codehaus.groovy.grails.commons.spring.GrailsRuntimeConfigurator.configure(GrailsRuntimeConfigurator.java:127)
	at org.codehaus.groovy.grails.web.context.GrailsConfigUtils.configureWebApplicationContext(GrailsConfigUtils.java:122)
	at org.codehaus.groovy.grails.web.context.GrailsContextLoader.initWebApplicationContext(GrailsContextLoader.java:108)
	at org.springframework.web.context.ContextLoaderListener.contextInitialized(ContextLoaderListener.java:112)
	at org.apache.catalina.core.StandardContext.listenerStart(StandardContext.java:4973)
	at org.apache.catalina.core.StandardContext.startInternal(StandardContext.java:5467)
	at org.apache.catalina.util.LifecycleBase.start(LifecycleBase.java:150)
	at org.apache.catalina.core.ContainerBase$StartChild.call(ContainerBase.java:1559)
	at org.apache.catalina.core.ContainerBase$StartChild.call(ContainerBase.java:1549)
	at java.util.concurrent.FutureTask$Sync.innerRun(FutureTask.java:334)
	at java.util.concurrent.FutureTask.run(FutureTask.java:166)
	at java.util.concurrent.ThreadPoolExecutor.runWorker(ThreadPoolExecutor.java:1145)
	at java.util.concurrent.ThreadPoolExecutor$Worker.run(ThreadPoolExecutor.java:615)
	at java.lang.Thread.run(Thread.java:722)
Caused by: org.springframework.beans.factory.BeanCreationException: Error creating bean with name 'transactionManager': Cannot resolve reference to bean 'sessionFactory' while setting bean property 'sessionFactory'; nested exception is org.springframework.beans.factory.BeanCreationException: Error creating bean with name 'sessionFactory': Invocation of init method failed; nested exception is groovy.lang.MissingPropertyException: No such property: surname for class: au.com.pws.people3.PersonName
	at org.springframework.beans.factory.support.BeanDefinitionValueResolver.resolveReference(BeanDefinitionValueResolver.java:326)
	at org.springframework.beans.factory.support.BeanDefinitionValueResolver.resolveValueIfNecessary(BeanDefinitionValueResolver.java:107)
	at org.springframework.beans.factory.support.AbstractAutowireCapableBeanFactory.applyPropertyValues(AbstractAutowireCapableBeanFactory.java:1417)
	at org.springframework.beans.factory.support.AbstractAutowireCapableBeanFactory.populateBean(AbstractAutowireCapableBeanFactory.java:1158)
	at org.springframework.beans.factory.support.AbstractAutowireCapableBeanFactory.doCreateBean(AbstractAutowireCapableBeanFactory.java:519)
	at org.codehaus.groovy.grails.commons.spring.ReloadAwareAutowireCapableBeanFactory.doCreateBean(ReloadAwareAutowireCapableBeanFactory.java:127)
	at org.springframework.beans.factory.support.AbstractAutowireCapableBeanFactory.createBean(AbstractAutowireCapableBeanFactory.java:458)
	at org.springframework.beans.factory.support.AbstractBeanFactory$1.getObject(AbstractBeanFactory.java:296)
	at org.springframework.beans.factory.support.DefaultSingletonBeanRegistry.getSingleton(DefaultSingletonBeanRegistry.java:223)
	at org.springframework.beans.factory.support.AbstractBeanFactory.doGetBean(AbstractBeanFactory.java:293)
	at org.springframework.beans.factory.support.AbstractBeanFactory.getBean(AbstractBeanFactory.java:198)
	at org.codehaus.groovy.grails.orm.support.TransactionManagerPostProcessor.initialize(TransactionManagerPostProcessor.java:74)
	at org.codehaus.groovy.grails.orm.support.TransactionManagerPostProcessor.setBeanFactory(TransactionManagerPostProcessor.java:52)
	at org.springframework.beans.factory.support.AbstractAutowireCapableBeanFactory.invokeAwareMethods(AbstractAutowireCapableBeanFactory.java:1532)
	at org.springframework.beans.factory.support.AbstractAutowireCapableBeanFactory.initializeBean(AbstractAutowireCapableBeanFactory.java:1500)
	at org.springframework.beans.factory.support.AbstractAutowireCapableBeanFactory.doCreateBean(AbstractAutowireCapableBeanFactory.java:521)
	... 24 more
Caused by: org.springframework.beans.factory.BeanCreationException: Error creating bean with name 'sessionFactory': Invocation of init method failed; nested exception is groovy.lang.MissingPropertyException: No such property: surname for class: au.com.pws.people3.PersonName
	at org.springframework.beans.factory.support.AbstractAutowireCapableBeanFactory.initializeBean(AbstractAutowireCapableBeanFactory.java:1512)
	at org.springframework.beans.factory.support.AbstractAutowireCapableBeanFactory.doCreateBean(AbstractAutowireCapableBeanFactory.java:521)
	at org.codehaus.groovy.grails.commons.spring.ReloadAwareAutowireCapableBeanFactory.doCreateBean(ReloadAwareAutowireCapableBeanFactory.java:127)
	at org.springframework.beans.factory.support.AbstractAutowireCapableBeanFactory.createBean(AbstractAutowireCapableBeanFactory.java:458)
	at org.springframework.beans.factory.support.AbstractBeanFactory$1.getObject(AbstractBeanFactory.java:296)
	at org.springframework.beans.factory.support.DefaultSingletonBeanRegistry.getSingleton(DefaultSingletonBeanRegistry.java:223)
	at org.springframework.beans.factory.support.AbstractBeanFactory.doGetBean(AbstractBeanFactory.java:293)
	at org.springframework.beans.factory.support.AbstractBeanFactory.getBean(AbstractBeanFactory.java:194)
	at org.springframework.beans.factory.support.BeanDefinitionValueResolver.resolveReference(BeanDefinitionValueResolver.java:320)
	... 39 more
Caused by: groovy.lang.MissingPropertyException: No such property: surname for class: au.com.pws.people3.PersonName
	at groovy.lang.MetaClassImpl.invokeStaticMissingProperty(MetaClassImpl.java:901)
	at groovy.lang.MetaClassImpl.getProperty(MetaClassImpl.java:1732)
	at groovy.lang.ExpandoMetaClass.getProperty(ExpandoMetaClass.java:1140)
	at groovy.lang.MetaClassImpl.getProperty(MetaClassImpl.java:1708)
	at groovy.lang.ExpandoMetaClass.getProperty(ExpandoMetaClass.java:1140)
	at groovy.lang.MetaClassImpl.getProperty(MetaClassImpl.java:3461)
	at groovy.lang.ExpandoMetaClass.getProperty(ExpandoMetaClass.java:1152)
	at org.codehaus.groovy.grails.validation.ConstrainedPropertyBuilder.getProperty(ConstrainedPropertyBuilder.java:80)
	at org.codehaus.groovy.runtime.InvokerHelper.getProperty(InvokerHelper.java:169)
	at groovy.lang.Closure.getProperty(Closure.java:298)
	at au.com.pws.people3.PersonName$__clinit__closure1.getProperty(PersonName.groovy)
	at org.codehaus.groovy.runtime.callsite.PogoGetPropertySite.getProperty(PogoGetPropertySite.java:47)
	at org.codehaus.groovy.runtime.callsite.AbstractCallSite.callGetProperty(AbstractCallSite.java:227)
	at au.com.pws.people3.PersonName$__clinit__closure1.doCall(PersonName.groovy:31)
	at au.com.pws.people3.PersonName$__clinit__closure1.doCall(PersonName.groovy)
	at sun.reflect.NativeMethodAccessorImpl.invoke0(Native Method)
	at sun.reflect.NativeMethodAccessorImpl.invoke(NativeMethodAccessorImpl.java:57)
	at sun.reflect.DelegatingMethodAccessorImpl.invoke(DelegatingMethodAccessorImpl.java:43)
	at java.lang.reflect.Method.invoke(Method.java:601)
	at org.springsource.loaded.ri.ReflectiveInterceptor.jlrMethodInvoke(ReflectiveInterceptor.java:1254)
	at org.codehaus.groovy.reflection.CachedMethod.invoke(CachedMethod.java:90)
	at groovy.lang.MetaMethod.doMethodInvoke(MetaMethod.java:233)
	at groovy.lang.MetaClassImpl.invokeMethod(MetaClassImpl.java:1086)
	at groovy.lang.ExpandoMetaClass.invokeMethod(ExpandoMetaClass.java:1110)
	at groovy.lang.MetaClassImpl.invokeMethod(MetaClassImpl.java:910)
	at groovy.lang.Closure.call(Closure.java:411)
	at au.com.pws.people3.PersonName$__clinit__closure1.call(PersonName.groovy)
	at groovy.lang.Closure.call(Closure.java:405)
	at au.com.pws.people3.PersonName$__clinit__closure1.call(PersonName.groovy)
	at org.codehaus.groovy.grails.validation.DefaultConstraintEvaluator.evaluateConstraints(DefaultConstraintEvaluator.java:105)
	at org.codehaus.groovy.grails.validation.DefaultConstraintEvaluator.evaluate(DefaultConstraintEvaluator.java:300)
	at org.codehaus.groovy.grails.commons.DefaultGrailsDomainClass.initializeConstraints(DefaultGrailsDomainClass.java:755)
	at org.codehaus.groovy.grails.commons.DefaultGrailsDomainClass.getConstrainedProperties(DefaultGrailsDomainClass.java:747)
	at org.codehaus.groovy.grails.commons.DefaultGrailsDomainClassProperty.isOptional(DefaultGrailsDomainClassProperty.java:215)
	at org.codehaus.groovy.grails.orm.hibernate.cfg.AbstractGrailsDomainBinder.bindColumn(AbstractGrailsDomainBinder.java:2765)
	at org.codehaus.groovy.grails.orm.hibernate.cfg.AbstractGrailsDomainBinder.bindSimpleValue(AbstractGrailsDomainBinder.java:2673)
	at org.codehaus.groovy.grails.orm.hibernate.cfg.AbstractGrailsDomainBinder.bindSimpleValue(AbstractGrailsDomainBinder.java:2614)
	at org.codehaus.groovy.grails.orm.hibernate.cfg.AbstractGrailsDomainBinder.bindSimpleId(AbstractGrailsDomainBinder.java:2447)
	at org.codehaus.groovy.grails.orm.hibernate.cfg.AbstractGrailsDomainBinder.bindIdentity(AbstractGrailsDomainBinder.java:1739)
	at org.codehaus.groovy.grails.orm.hibernate.cfg.AbstractGrailsDomainBinder.bindRootPersistentClassCommonValues(AbstractGrailsDomainBinder.java:1718)
	at org.codehaus.groovy.grails.orm.hibernate.cfg.AbstractGrailsDomainBinder.bindRoot(AbstractGrailsDomainBinder.java:1411)
	at org.codehaus.groovy.grails.orm.hibernate.cfg.AbstractGrailsDomainBinder.bindClass(AbstractGrailsDomainBinder.java:1223)
	at org.codehaus.groovy.grails.orm.hibernate.cfg.GrailsAnnotationConfiguration.secondPassCompile(GrailsAnnotationConfiguration.java:181)
	at org.hibernate.cfg.Configuration.buildMappings(Configuration.java:1375)
	at org.springframework.orm.hibernate3.LocalSessionFactoryBean.buildSessionFactory(LocalSessionFactoryBean.java:720)
	at org.codehaus.groovy.grails.orm.hibernate.ConfigurableLocalSessionFactoryBean.buildSessionFactory(ConfigurableLocalSessionFactoryBean.java:191)
	at org.springframework.orm.hibernate3.AbstractSessionFactoryBean.afterPropertiesSet(AbstractSessionFactoryBean.java:188)
	at org.codehaus.groovy.grails.orm.hibernate.ConfigurableLocalSessionFactoryBean.afterPropertiesSet(ConfigurableLocalSessionFactoryBean.java:235)
	at org.springframework.beans.factory.support.AbstractAutowireCapableBeanFactory.invokeInitMethods(AbstractAutowireCapableBeanFactory.java:1571)
	at org.springframework.beans.factory.support.AbstractAutowireCapableBeanFactory.initializeBean(AbstractAutowireCapableBeanFactory.java:1509)
	... 47 more
2014-08-07 09:53:10,579 [localhost-startStop-1] ERROR StackTrace  - Full Stack Trace:
org.springframework.beans.factory.BeanCreationException: Error creating bean with name 'transactionManager': Cannot resolve reference to bean 'sessionFactory' while setting bean property 'sessionFactory'; nested exception is org.springframework.beans.factory.BeanCreationException: Error creating bean with name 'sessionFactory': Invocation of init method failed; nested exception is groovy.lang.MissingPropertyException: No such property: surname for class: au.com.pws.people3.PersonName
	at org.springframework.beans.factory.support.BeanDefinitionValueResolver.resolveReference(BeanDefinitionValueResolver.java:326)
	at org.springframework.beans.factory.support.BeanDefinitionValueResolver.resolveValueIfNecessary(BeanDefinitionValueResolver.java:107)
	at org.springframework.beans.factory.support.AbstractAutowireCapableBeanFactory.applyPropertyValues(AbstractAutowireCapableBeanFactory.java:1417)
	at org.springframework.beans.factory.support.AbstractAutowireCapableBeanFactory.populateBean(AbstractAutowireCapableBeanFactory.java:1158)
	at org.springframework.beans.factory.support.AbstractAutowireCapableBeanFactory.doCreateBean(AbstractAutowireCapableBeanFactory.java:519)
	at org.codehaus.groovy.grails.commons.spring.ReloadAwareAutowireCapableBeanFactory.doCreateBean(ReloadAwareAutowireCapableBeanFactory.java:127)
	at org.springframework.beans.factory.support.AbstractAutowireCapableBeanFactory.createBean(AbstractAutowireCapableBeanFactory.java:458)
	at org.springframework.beans.factory.support.AbstractBeanFactory$1.getObject(AbstractBeanFactory.java:296)
	at org.springframework.beans.factory.support.DefaultSingletonBeanRegistry.getSingleton(DefaultSingletonBeanRegistry.java:223)
	at org.springframework.beans.factory.support.AbstractBeanFactory.doGetBean(AbstractBeanFactory.java:293)
	at org.springframework.beans.factory.support.AbstractBeanFactory.getBean(AbstractBeanFactory.java:198)
	at org.codehaus.groovy.grails.orm.support.TransactionManagerPostProcessor.initialize(TransactionManagerPostProcessor.java:74)
	at org.codehaus.groovy.grails.orm.support.TransactionManagerPostProcessor.setBeanFactory(TransactionManagerPostProcessor.java:52)
	at org.springframework.beans.factory.support.AbstractAutowireCapableBeanFactory.invokeAwareMethods(AbstractAutowireCapableBeanFactory.java:1532)
	at org.springframework.beans.factory.support.AbstractAutowireCapableBeanFactory.initializeBean(AbstractAutowireCapableBeanFactory.java:1500)
	at org.springframework.beans.factory.support.AbstractAutowireCapableBeanFactory.doCreateBean(AbstractAutowireCapableBeanFactory.java:521)
	at org.codehaus.groovy.grails.commons.spring.ReloadAwareAutowireCapableBeanFactory.doCreateBean(ReloadAwareAutowireCapableBeanFactory.java:127)
	at org.springframework.beans.factory.support.AbstractAutowireCapableBeanFactory.createBean(AbstractAutowireCapableBeanFactory.java:458)
	at org.springframework.beans.factory.support.AbstractBeanFactory$1.getObject(AbstractBeanFactory.java:296)
	at org.springframework.beans.factory.support.DefaultSingletonBeanRegistry.getSingleton(DefaultSingletonBeanRegistry.java:223)
	at org.springframework.beans.factory.support.AbstractBeanFactory.doGetBean(AbstractBeanFactory.java:293)
	at org.springframework.beans.factory.support.AbstractBeanFactory.getBean(AbstractBeanFactory.java:198)
	at org.springframework.context.support.AbstractApplicationContext.registerBeanPostProcessors(AbstractApplicationContext.java:720)
	at org.springframework.context.support.AbstractApplicationContext.refresh(AbstractApplicationContext.java:464)
	at org.codehaus.groovy.grails.commons.spring.DefaultRuntimeSpringConfiguration.getApplicationContext(DefaultRuntimeSpringConfiguration.java:156)
	at org.codehaus.groovy.grails.commons.spring.GrailsRuntimeConfigurator.configure(GrailsRuntimeConfigurator.java:169)
	at org.codehaus.groovy.grails.commons.spring.GrailsRuntimeConfigurator.configure(GrailsRuntimeConfigurator.java:127)
	at org.codehaus.groovy.grails.web.context.GrailsConfigUtils.configureWebApplicationContext(GrailsConfigUtils.java:122)
	at org.codehaus.groovy.grails.web.context.GrailsContextLoader.initWebApplicationContext(GrailsContextLoader.java:108)
	at org.springframework.web.context.ContextLoaderListener.contextInitialized(ContextLoaderListener.java:112)
	at org.apache.catalina.core.StandardContext.listenerStart(StandardContext.java:4973)
	at org.apache.catalina.core.StandardContext.startInternal(StandardContext.java:5467)
	at org.apache.catalina.util.LifecycleBase.start(LifecycleBase.java:150)
	at org.apache.catalina.core.ContainerBase$StartChild.call(ContainerBase.java:1559)
	at org.apache.catalina.core.ContainerBase$StartChild.call(ContainerBase.java:1549)
	at java.util.concurrent.FutureTask$Sync.innerRun(FutureTask.java:334)
	at java.util.concurrent.FutureTask.run(FutureTask.java:166)
	at java.util.concurrent.ThreadPoolExecutor.runWorker(ThreadPoolExecutor.java:1145)
	at java.util.concurrent.ThreadPoolExecutor$Worker.run(ThreadPoolExecutor.java:615)
	at java.lang.Thread.run(Thread.java:722)
Caused by: org.springframework.beans.factory.BeanCreationException: Error creating bean with name 'sessionFactory': Invocation of init method failed; nested exception is groovy.lang.MissingPropertyException: No such property: surname for class: au.com.pws.people3.PersonName
	at org.springframework.beans.factory.support.AbstractAutowireCapableBeanFactory.initializeBean(AbstractAutowireCapableBeanFactory.java:1512)
	at org.springframework.beans.factory.support.AbstractAutowireCapableBeanFactory.doCreateBean(AbstractAutowireCapableBeanFactory.java:521)
	at org.codehaus.groovy.grails.commons.spring.ReloadAwareAutowireCapableBeanFactory.doCreateBean(ReloadAwareAutowireCapableBeanFactory.java:127)
	at org.springframework.beans.factory.support.AbstractAutowireCapableBeanFactory.createBean(AbstractAutowireCapableBeanFactory.java:458)
	at org.springframework.beans.factory.support.AbstractBeanFactory$1.getObject(AbstractBeanFactory.java:296)
	at org.springframework.beans.factory.support.DefaultSingletonBeanRegistry.getSingleton(DefaultSingletonBeanRegistry.java:223)
	at org.springframework.beans.factory.support.AbstractBeanFactory.doGetBean(AbstractBeanFactory.java:293)
	at org.springframework.beans.factory.support.AbstractBeanFactory.getBean(AbstractBeanFactory.java:194)
	at org.springframework.beans.factory.support.BeanDefinitionValueResolver.resolveReference(BeanDefinitionValueResolver.java:320)
	... 39 more
Caused by: groovy.lang.MissingPropertyException: No such property: surname for class: au.com.pws.people3.PersonName
	at groovy.lang.MetaClassImpl.invokeStaticMissingProperty(MetaClassImpl.java:901)
	at groovy.lang.MetaClassImpl.getProperty(MetaClassImpl.java:1732)
	at groovy.lang.ExpandoMetaClass.getProperty(ExpandoMetaClass.java:1140)
	at groovy.lang.MetaClassImpl.getProperty(MetaClassImpl.java:1708)
	at groovy.lang.ExpandoMetaClass.getProperty(ExpandoMetaClass.java:1140)
	at groovy.lang.MetaClassImpl.getProperty(MetaClassImpl.java:3461)
	at groovy.lang.ExpandoMetaClass.getProperty(ExpandoMetaClass.java:1152)
	at org.codehaus.groovy.grails.validation.ConstrainedPropertyBuilder.getProperty(ConstrainedPropertyBuilder.java:80)
	at org.codehaus.groovy.runtime.InvokerHelper.getProperty(InvokerHelper.java:169)
	at groovy.lang.Closure.getProperty(Closure.java:298)
	at au.com.pws.people3.PersonName$__clinit__closure1.getProperty(PersonName.groovy)
	at org.codehaus.groovy.runtime.callsite.PogoGetPropertySite.getProperty(PogoGetPropertySite.java:47)
	at org.codehaus.groovy.runtime.callsite.AbstractCallSite.callGetProperty(AbstractCallSite.java:227)
	at au.com.pws.people3.PersonName$__clinit__closure1.doCall(PersonName.groovy:31)
	at au.com.pws.people3.PersonName$__clinit__closure1.doCall(PersonName.groovy)
	at sun.reflect.NativeMethodAccessorImpl.invoke0(Native Method)
	at sun.reflect.NativeMethodAccessorImpl.invoke(NativeMethodAccessorImpl.java:57)
	at sun.reflect.DelegatingMethodAccessorImpl.invoke(DelegatingMethodAccessorImpl.java:43)
	at java.lang.reflect.Method.invoke(Method.java:601)
	at org.springsource.loaded.ri.ReflectiveInterceptor.jlrMethodInvoke(ReflectiveInterceptor.java:1254)
	at org.codehaus.groovy.reflection.CachedMethod.invoke(CachedMethod.java:90)
	at groovy.lang.MetaMethod.doMethodInvoke(MetaMethod.java:233)
	at groovy.lang.MetaClassImpl.invokeMethod(MetaClassImpl.java:1086)
	at groovy.lang.ExpandoMetaClass.invokeMethod(ExpandoMetaClass.java:1110)
	at groovy.lang.MetaClassImpl.invokeMethod(MetaClassImpl.java:910)
	at groovy.lang.Closure.call(Closure.java:411)
	at au.com.pws.people3.PersonName$__clinit__closure1.call(PersonName.groovy)
	at groovy.lang.Closure.call(Closure.java:405)
	at au.com.pws.people3.PersonName$__clinit__closure1.call(PersonName.groovy)
	at org.codehaus.groovy.grails.validation.DefaultConstraintEvaluator.evaluateConstraints(DefaultConstraintEvaluator.java:105)
	at org.codehaus.groovy.grails.validation.DefaultConstraintEvaluator.evaluate(DefaultConstraintEvaluator.java:300)
	at org.codehaus.groovy.grails.commons.DefaultGrailsDomainClass.initializeConstraints(DefaultGrailsDomainClass.java:755)
	at org.codehaus.groovy.grails.commons.DefaultGrailsDomainClass.getConstrainedProperties(DefaultGrailsDomainClass.java:747)
	at org.codehaus.groovy.grails.commons.DefaultGrailsDomainClassProperty.isOptional(DefaultGrailsDomainClassProperty.java:215)
	at org.codehaus.groovy.grails.orm.hibernate.cfg.AbstractGrailsDomainBinder.bindColumn(AbstractGrailsDomainBinder.java:2765)
	at org.codehaus.groovy.grails.orm.hibernate.cfg.AbstractGrailsDomainBinder.bindSimpleValue(AbstractGrailsDomainBinder.java:2673)
	at org.codehaus.groovy.grails.orm.hibernate.cfg.AbstractGrailsDomainBinder.bindSimpleValue(AbstractGrailsDomainBinder.java:2614)
	at org.codehaus.groovy.grails.orm.hibernate.cfg.AbstractGrailsDomainBinder.bindSimpleId(AbstractGrailsDomainBinder.java:2447)
	at org.codehaus.groovy.grails.orm.hibernate.cfg.AbstractGrailsDomainBinder.bindIdentity(AbstractGrailsDomainBinder.java:1739)
	at org.codehaus.groovy.grails.orm.hibernate.cfg.AbstractGrailsDomainBinder.bindRootPersistentClassCommonValues(AbstractGrailsDomainBinder.java:1718)
	at org.codehaus.groovy.grails.orm.hibernate.cfg.AbstractGrailsDomainBinder.bindRoot(AbstractGrailsDomainBinder.java:1411)
	at org.codehaus.groovy.grails.orm.hibernate.cfg.AbstractGrailsDomainBinder.bindClass(AbstractGrailsDomainBinder.java:1223)
	at org.codehaus.groovy.grails.orm.hibernate.cfg.GrailsAnnotationConfiguration.secondPassCompile(GrailsAnnotationConfiguration.java:181)
	at org.hibernate.cfg.Configuration.buildMappings(Configuration.java:1375)
	at org.springframework.orm.hibernate3.LocalSessionFactoryBean.buildSessionFactory(LocalSessionFactoryBean.java:720)
	at org.codehaus.groovy.grails.orm.hibernate.ConfigurableLocalSessionFactoryBean.buildSessionFactory(ConfigurableLocalSessionFactoryBean.java:191)
	at org.springframework.orm.hibernate3.AbstractSessionFactoryBean.afterPropertiesSet(AbstractSessionFactoryBean.java:188)
	at org.codehaus.groovy.grails.orm.hibernate.ConfigurableLocalSessionFactoryBean.afterPropertiesSet(ConfigurableLocalSessionFactoryBean.java:235)
	at org.springframework.beans.factory.support.AbstractAutowireCapableBeanFactory.invokeInitMethods(AbstractAutowireCapableBeanFactory.java:1571)
	at org.springframework.beans.factory.support.AbstractAutowireCapableBeanFactory.initializeBean(AbstractAutowireCapableBeanFactory.java:1509)
	... 47 more
2014-08-07 09:53:10,585 [localhost-startStop-1] ERROR StackTrace  - Full Stack Trace:
org.springframework.beans.factory.BeanCreationException: Error creating bean with name 'sessionFactory': Invocation of init method failed; nested exception is groovy.lang.MissingPropertyException: No such property: surname for class: au.com.pws.people3.PersonName
	at org.springframework.beans.factory.support.AbstractAutowireCapableBeanFactory.initializeBean(AbstractAutowireCapableBeanFactory.java:1512)
	at org.springframework.beans.factory.support.AbstractAutowireCapableBeanFactory.doCreateBean(AbstractAutowireCapableBeanFactory.java:521)
	at org.codehaus.groovy.grails.commons.spring.ReloadAwareAutowireCapableBeanFactory.doCreateBean(ReloadAwareAutowireCapableBeanFactory.java:127)
	at org.springframework.beans.factory.support.AbstractAutowireCapableBeanFactory.createBean(AbstractAutowireCapableBeanFactory.java:458)
	at org.springframework.beans.factory.support.AbstractBeanFactory$1.getObject(AbstractBeanFactory.java:296)
	at org.springframework.beans.factory.support.DefaultSingletonBeanRegistry.getSingleton(DefaultSingletonBeanRegistry.java:223)
	at org.springframework.beans.factory.support.AbstractBeanFactory.doGetBean(AbstractBeanFactory.java:293)
	at org.springframework.beans.factory.support.AbstractBeanFactory.getBean(AbstractBeanFactory.java:194)
	at org.springframework.beans.factory.support.BeanDefinitionValueResolver.resolveReference(BeanDefinitionValueResolver.java:320)
	at org.springframework.beans.factory.support.BeanDefinitionValueResolver.resolveValueIfNecessary(BeanDefinitionValueResolver.java:107)
	at org.springframework.beans.factory.support.AbstractAutowireCapableBeanFactory.applyPropertyValues(AbstractAutowireCapableBeanFactory.java:1417)
	at org.springframework.beans.factory.support.AbstractAutowireCapableBeanFactory.populateBean(AbstractAutowireCapableBeanFactory.java:1158)
	at org.springframework.beans.factory.support.AbstractAutowireCapableBeanFactory.doCreateBean(AbstractAutowireCapableBeanFactory.java:519)
	at org.codehaus.groovy.grails.commons.spring.ReloadAwareAutowireCapableBeanFactory.doCreateBean(ReloadAwareAutowireCapableBeanFactory.java:127)
	at org.springframework.beans.factory.support.AbstractAutowireCapableBeanFactory.createBean(AbstractAutowireCapableBeanFactory.java:458)
	at org.springframework.beans.factory.support.AbstractBeanFactory$1.getObject(AbstractBeanFactory.java:296)
	at org.springframework.beans.factory.support.DefaultSingletonBeanRegistry.getSingleton(DefaultSingletonBeanRegistry.java:223)
	at org.springframework.beans.factory.support.AbstractBeanFactory.doGetBean(AbstractBeanFactory.java:293)
	at org.springframework.beans.factory.support.AbstractBeanFactory.getBean(AbstractBeanFactory.java:198)
	at org.codehaus.groovy.grails.orm.support.TransactionManagerPostProcessor.initialize(TransactionManagerPostProcessor.java:74)
	at org.codehaus.groovy.grails.orm.support.TransactionManagerPostProcessor.setBeanFactory(TransactionManagerPostProcessor.java:52)
	at org.springframework.beans.factory.support.AbstractAutowireCapableBeanFactory.invokeAwareMethods(AbstractAutowireCapableBeanFactory.java:1532)
	at org.springframework.beans.factory.support.AbstractAutowireCapableBeanFactory.initializeBean(AbstractAutowireCapableBeanFactory.java:1500)
	at org.springframework.beans.factory.support.AbstractAutowireCapableBeanFactory.doCreateBean(AbstractAutowireCapableBeanFactory.java:521)
	at org.codehaus.groovy.grails.commons.spring.ReloadAwareAutowireCapableBeanFactory.doCreateBean(ReloadAwareAutowireCapableBeanFactory.java:127)
	at org.springframework.beans.factory.support.AbstractAutowireCapableBeanFactory.createBean(AbstractAutowireCapableBeanFactory.java:458)
	at org.springframework.beans.factory.support.AbstractBeanFactory$1.getObject(AbstractBeanFactory.java:296)
	at org.springframework.beans.factory.support.DefaultSingletonBeanRegistry.getSingleton(DefaultSingletonBeanRegistry.java:223)
	at org.springframework.beans.factory.support.AbstractBeanFactory.doGetBean(AbstractBeanFactory.java:293)
	at org.springframework.beans.factory.support.AbstractBeanFactory.getBean(AbstractBeanFactory.java:198)
	at org.springframework.context.support.AbstractApplicationContext.registerBeanPostProcessors(AbstractApplicationContext.java:720)
	at org.springframework.context.support.AbstractApplicationContext.refresh(AbstractApplicationContext.java:464)
	at org.codehaus.groovy.grails.commons.spring.DefaultRuntimeSpringConfiguration.getApplicationContext(DefaultRuntimeSpringConfiguration.java:156)
	at org.codehaus.groovy.grails.commons.spring.GrailsRuntimeConfigurator.configure(GrailsRuntimeConfigurator.java:169)
	at org.codehaus.groovy.grails.commons.spring.GrailsRuntimeConfigurator.configure(GrailsRuntimeConfigurator.java:127)
	at org.codehaus.groovy.grails.web.context.GrailsConfigUtils.configureWebApplicationContext(GrailsConfigUtils.java:122)
	at org.codehaus.groovy.grails.web.context.GrailsContextLoader.initWebApplicationContext(GrailsContextLoader.java:108)
	at org.springframework.web.context.ContextLoaderListener.contextInitialized(ContextLoaderListener.java:112)
	at org.apache.catalina.core.StandardContext.listenerStart(StandardContext.java:4973)
	at org.apache.catalina.core.StandardContext.startInternal(StandardContext.java:5467)
	at org.apache.catalina.util.LifecycleBase.start(LifecycleBase.java:150)
	at org.apache.catalina.core.ContainerBase$StartChild.call(ContainerBase.java:1559)
	at org.apache.catalina.core.ContainerBase$StartChild.call(ContainerBase.java:1549)
	at java.util.concurrent.FutureTask$Sync.innerRun(FutureTask.java:334)
	at java.util.concurrent.FutureTask.run(FutureTask.java:166)
	at java.util.concurrent.ThreadPoolExecutor.runWorker(ThreadPoolExecutor.java:1145)
	at java.util.concurrent.ThreadPoolExecutor$Worker.run(ThreadPoolExecutor.java:615)
	at java.lang.Thread.run(Thread.java:722)
Caused by: groovy.lang.MissingPropertyException: No such property: surname for class: au.com.pws.people3.PersonName
	at groovy.lang.MetaClassImpl.invokeStaticMissingProperty(MetaClassImpl.java:901)
	at groovy.lang.MetaClassImpl.getProperty(MetaClassImpl.java:1732)
	at groovy.lang.ExpandoMetaClass.getProperty(ExpandoMetaClass.java:1140)
	at groovy.lang.MetaClassImpl.getProperty(MetaClassImpl.java:1708)
	at groovy.lang.ExpandoMetaClass.getProperty(ExpandoMetaClass.java:1140)
	at groovy.lang.MetaClassImpl.getProperty(MetaClassImpl.java:3461)
	at groovy.lang.ExpandoMetaClass.getProperty(ExpandoMetaClass.java:1152)
	at org.codehaus.groovy.grails.validation.ConstrainedPropertyBuilder.getProperty(ConstrainedPropertyBuilder.java:80)
	at org.codehaus.groovy.runtime.InvokerHelper.getProperty(InvokerHelper.java:169)
	at groovy.lang.Closure.getProperty(Closure.java:298)
	at au.com.pws.people3.PersonName$__clinit__closure1.getProperty(PersonName.groovy)
	at org.codehaus.groovy.runtime.callsite.PogoGetPropertySite.getProperty(PogoGetPropertySite.java:47)
	at org.codehaus.groovy.runtime.callsite.AbstractCallSite.callGetProperty(AbstractCallSite.java:227)
	at au.com.pws.people3.PersonName$__clinit__closure1.doCall(PersonName.groovy:31)
	at au.com.pws.people3.PersonName$__clinit__closure1.doCall(PersonName.groovy)
	at sun.reflect.NativeMethodAccessorImpl.invoke0(Native Method)
	at sun.reflect.NativeMethodAccessorImpl.invoke(NativeMethodAccessorImpl.java:57)
	at sun.reflect.DelegatingMethodAccessorImpl.invoke(DelegatingMethodAccessorImpl.java:43)
	at java.lang.reflect.Method.invoke(Method.java:601)
	at org.springsource.loaded.ri.ReflectiveInterceptor.jlrMethodInvoke(ReflectiveInterceptor.java:1254)
	at org.codehaus.groovy.reflection.CachedMethod.invoke(CachedMethod.java:90)
	at groovy.lang.MetaMethod.doMethodInvoke(MetaMethod.java:233)
	at groovy.lang.MetaClassImpl.invokeMethod(MetaClassImpl.java:1086)
	at groovy.lang.ExpandoMetaClass.invokeMethod(ExpandoMetaClass.java:1110)
	at groovy.lang.MetaClassImpl.invokeMethod(MetaClassImpl.java:910)
	at groovy.lang.Closure.call(Closure.java:411)
	at au.com.pws.people3.PersonName$__clinit__closure1.call(PersonName.groovy)
	at groovy.lang.Closure.call(Closure.java:405)
	at au.com.pws.people3.PersonName$__clinit__closure1.call(PersonName.groovy)
	at org.codehaus.groovy.grails.validation.DefaultConstraintEvaluator.evaluateConstraints(DefaultConstraintEvaluator.java:105)
	at org.codehaus.groovy.grails.validation.DefaultConstraintEvaluator.evaluate(DefaultConstraintEvaluator.java:300)
	at org.codehaus.groovy.grails.commons.DefaultGrailsDomainClass.initializeConstraints(DefaultGrailsDomainClass.java:755)
	at org.codehaus.groovy.grails.commons.DefaultGrailsDomainClass.getConstrainedProperties(DefaultGrailsDomainClass.java:747)
	at org.codehaus.groovy.grails.commons.DefaultGrailsDomainClassProperty.isOptional(DefaultGrailsDomainClassProperty.java:215)
	at org.codehaus.groovy.grails.orm.hibernate.cfg.AbstractGrailsDomainBinder.bindColumn(AbstractGrailsDomainBinder.java:2765)
	at org.codehaus.groovy.grails.orm.hibernate.cfg.AbstractGrailsDomainBinder.bindSimpleValue(AbstractGrailsDomainBinder.java:2673)
	at org.codehaus.groovy.grails.orm.hibernate.cfg.AbstractGrailsDomainBinder.bindSimpleValue(AbstractGrailsDomainBinder.java:2614)
	at org.codehaus.groovy.grails.orm.hibernate.cfg.AbstractGrailsDomainBinder.bindSimpleId(AbstractGrailsDomainBinder.java:2447)
	at org.codehaus.groovy.grails.orm.hibernate.cfg.AbstractGrailsDomainBinder.bindIdentity(AbstractGrailsDomainBinder.java:1739)
	at org.codehaus.groovy.grails.orm.hibernate.cfg.AbstractGrailsDomainBinder.bindRootPersistentClassCommonValues(AbstractGrailsDomainBinder.java:1718)
	at org.codehaus.groovy.grails.orm.hibernate.cfg.AbstractGrailsDomainBinder.bindRoot(AbstractGrailsDomainBinder.java:1411)
	at org.codehaus.groovy.grails.orm.hibernate.cfg.AbstractGrailsDomainBinder.bindClass(AbstractGrailsDomainBinder.java:1223)
	at org.codehaus.groovy.grails.orm.hibernate.cfg.GrailsAnnotationConfiguration.secondPassCompile(GrailsAnnotationConfiguration.java:181)
	at org.hibernate.cfg.Configuration.buildMappings(Configuration.java:1375)
	at org.springframework.orm.hibernate3.LocalSessionFactoryBean.buildSessionFactory(LocalSessionFactoryBean.java:720)
	at org.codehaus.groovy.grails.orm.hibernate.ConfigurableLocalSessionFactoryBean.buildSessionFactory(ConfigurableLocalSessionFactoryBean.java:191)
	at org.springframework.orm.hibernate3.AbstractSessionFactoryBean.afterPropertiesSet(AbstractSessionFactoryBean.java:188)
	at org.codehaus.groovy.grails.orm.hibernate.ConfigurableLocalSessionFactoryBean.afterPropertiesSet(ConfigurableLocalSessionFactoryBean.java:235)
	at org.springframework.beans.factory.support.AbstractAutowireCapableBeanFactory.invokeInitMethods(AbstractAutowireCapableBeanFactory.java:1571)
	at org.springframework.beans.factory.support.AbstractAutowireCapableBeanFactory.initializeBean(AbstractAutowireCapableBeanFactory.java:1509)
	... 47 more
2014-08-07 09:53:10,589 [localhost-startStop-1] ERROR StackTrace  - Full Stack Trace:
groovy.lang.MissingPropertyException: No such property: surname for class: au.com.pws.people3.PersonName
	at groovy.lang.MetaClassImpl.invokeStaticMissingProperty(MetaClassImpl.java:901)
	at groovy.lang.MetaClassImpl.getProperty(MetaClassImpl.java:1732)
	at groovy.lang.ExpandoMetaClass.getProperty(ExpandoMetaClass.java:1140)
	at groovy.lang.MetaClassImpl.getProperty(MetaClassImpl.java:1708)
	at groovy.lang.ExpandoMetaClass.getProperty(ExpandoMetaClass.java:1140)
	at groovy.lang.MetaClassImpl.getProperty(MetaClassImpl.java:3461)
	at groovy.lang.ExpandoMetaClass.getProperty(ExpandoMetaClass.java:1152)
	at org.codehaus.groovy.grails.validation.ConstrainedPropertyBuilder.getProperty(ConstrainedPropertyBuilder.java:80)
	at org.codehaus.groovy.runtime.InvokerHelper.getProperty(InvokerHelper.java:169)
	at groovy.lang.Closure.getProperty(Closure.java:298)
	at au.com.pws.people3.PersonName$__clinit__closure1.getProperty(PersonName.groovy)
	at org.codehaus.groovy.runtime.callsite.PogoGetPropertySite.getProperty(PogoGetPropertySite.java:47)
	at org.codehaus.groovy.runtime.callsite.AbstractCallSite.callGetProperty(AbstractCallSite.java:227)
	at au.com.pws.people3.PersonName$__clinit__closure1.doCall(PersonName.groovy:31)
	at au.com.pws.people3.PersonName$__clinit__closure1.doCall(PersonName.groovy)
	at sun.reflect.NativeMethodAccessorImpl.invoke0(Native Method)
	at sun.reflect.NativeMethodAccessorImpl.invoke(NativeMethodAccessorImpl.java:57)
	at sun.reflect.DelegatingMethodAccessorImpl.invoke(DelegatingMethodAccessorImpl.java:43)
	at java.lang.reflect.Method.invoke(Method.java:601)
	at org.springsource.loaded.ri.ReflectiveInterceptor.jlrMethodInvoke(ReflectiveInterceptor.java:1254)
	at org.codehaus.groovy.reflection.CachedMethod.invoke(CachedMethod.java:90)
	at groovy.lang.MetaMethod.doMethodInvoke(MetaMethod.java:233)
	at groovy.lang.MetaClassImpl.invokeMethod(MetaClassImpl.java:1086)
	at groovy.lang.ExpandoMetaClass.invokeMethod(ExpandoMetaClass.java:1110)
	at groovy.lang.MetaClassImpl.invokeMethod(MetaClassImpl.java:910)
	at groovy.lang.Closure.call(Closure.java:411)
	at au.com.pws.people3.PersonName$__clinit__closure1.call(PersonName.groovy)
	at groovy.lang.Closure.call(Closure.java:405)
	at au.com.pws.people3.PersonName$__clinit__closure1.call(PersonName.groovy)
	at org.codehaus.groovy.grails.validation.DefaultConstraintEvaluator.evaluateConstraints(DefaultConstraintEvaluator.java:105)
	at org.codehaus.groovy.grails.validation.DefaultConstraintEvaluator.evaluate(DefaultConstraintEvaluator.java:300)
	at org.codehaus.groovy.grails.commons.DefaultGrailsDomainClass.initializeConstraints(DefaultGrailsDomainClass.java:755)
	at org.codehaus.groovy.grails.commons.DefaultGrailsDomainClass.getConstrainedProperties(DefaultGrailsDomainClass.java:747)
	at org.codehaus.groovy.grails.commons.DefaultGrailsDomainClassProperty.isOptional(DefaultGrailsDomainClassProperty.java:215)
	at org.codehaus.groovy.grails.orm.hibernate.cfg.AbstractGrailsDomainBinder.bindColumn(AbstractGrailsDomainBinder.java:2765)
	at org.codehaus.groovy.grails.orm.hibernate.cfg.AbstractGrailsDomainBinder.bindSimpleValue(AbstractGrailsDomainBinder.java:2673)
	at org.codehaus.groovy.grails.orm.hibernate.cfg.AbstractGrailsDomainBinder.bindSimpleValue(AbstractGrailsDomainBinder.java:2614)
	at org.codehaus.groovy.grails.orm.hibernate.cfg.AbstractGrailsDomainBinder.bindSimpleId(AbstractGrailsDomainBinder.java:2447)
	at org.codehaus.groovy.grails.orm.hibernate.cfg.AbstractGrailsDomainBinder.bindIdentity(AbstractGrailsDomainBinder.java:1739)
	at org.codehaus.groovy.grails.orm.hibernate.cfg.AbstractGrailsDomainBinder.bindRootPersistentClassCommonValues(AbstractGrailsDomainBinder.java:1718)
	at org.codehaus.groovy.grails.orm.hibernate.cfg.AbstractGrailsDomainBinder.bindRoot(AbstractGrailsDomainBinder.java:1411)
	at org.codehaus.groovy.grails.orm.hibernate.cfg.AbstractGrailsDomainBinder.bindClass(AbstractGrailsDomainBinder.java:1223)
	at org.codehaus.groovy.grails.orm.hibernate.cfg.GrailsAnnotationConfiguration.secondPassCompile(GrailsAnnotationConfiguration.java:181)
	at org.hibernate.cfg.Configuration.buildMappings(Configuration.java:1375)
	at org.springframework.orm.hibernate3.LocalSessionFactoryBean.buildSessionFactory(LocalSessionFactoryBean.java:720)
	at org.codehaus.groovy.grails.orm.hibernate.ConfigurableLocalSessionFactoryBean.buildSessionFactory(ConfigurableLocalSessionFactoryBean.java:191)
	at org.springframework.orm.hibernate3.AbstractSessionFactoryBean.afterPropertiesSet(AbstractSessionFactoryBean.java:188)
	at org.codehaus.groovy.grails.orm.hibernate.ConfigurableLocalSessionFactoryBean.afterPropertiesSet(ConfigurableLocalSessionFactoryBean.java:235)
	at org.springframework.beans.factory.support.AbstractAutowireCapableBeanFactory.invokeInitMethods(AbstractAutowireCapableBeanFactory.java:1571)
	at org.springframework.beans.factory.support.AbstractAutowireCapableBeanFactory.initializeBean(AbstractAutowireCapableBeanFactory.java:1509)
	at org.springframework.beans.factory.support.AbstractAutowireCapableBeanFactory.doCreateBean(AbstractAutowireCapableBeanFactory.java:521)
	at org.codehaus.groovy.grails.commons.spring.ReloadAwareAutowireCapableBeanFactory.doCreateBean(ReloadAwareAutowireCapableBeanFactory.java:127)
	at org.springframework.beans.factory.support.AbstractAutowireCapableBeanFactory.createBean(AbstractAutowireCapableBeanFactory.java:458)
	at org.springframework.beans.factory.support.AbstractBeanFactory$1.getObject(AbstractBeanFactory.java:296)
	at org.springframework.beans.factory.support.DefaultSingletonBeanRegistry.getSingleton(DefaultSingletonBeanRegistry.java:223)
	at org.springframework.beans.factory.support.AbstractBeanFactory.doGetBean(AbstractBeanFactory.java:293)
	at org.springframework.beans.factory.support.AbstractBeanFactory.getBean(AbstractBeanFactory.java:194)
	at org.springframework.beans.factory.support.BeanDefinitionValueResolver.resolveReference(BeanDefinitionValueResolver.java:320)
	at org.springframework.beans.factory.support.BeanDefinitionValueResolver.resolveValueIfNecessary(BeanDefinitionValueResolver.java:107)
	at org.springframework.beans.factory.support.AbstractAutowireCapableBeanFactory.applyPropertyValues(AbstractAutowireCapableBeanFactory.java:1417)
	at org.springframework.beans.factory.support.AbstractAutowireCapableBeanFactory.populateBean(AbstractAutowireCapableBeanFactory.java:1158)
	at org.springframework.beans.factory.support.AbstractAutowireCapableBeanFactory.doCreateBean(AbstractAutowireCapableBeanFactory.java:519)
	at org.codehaus.groovy.grails.commons.spring.ReloadAwareAutowireCapableBeanFactory.doCreateBean(ReloadAwareAutowireCapableBeanFactory.java:127)
	at org.springframework.beans.factory.support.AbstractAutowireCapableBeanFactory.createBean(AbstractAutowireCapableBeanFactory.java:458)
	at org.springframework.beans.factory.support.AbstractBeanFactory$1.getObject(AbstractBeanFactory.java:296)
	at org.springframework.beans.factory.support.DefaultSingletonBeanRegistry.getSingleton(DefaultSingletonBeanRegistry.java:223)
	at org.springframework.beans.factory.support.AbstractBeanFactory.doGetBean(AbstractBeanFactory.java:293)
	at org.springframework.beans.factory.support.AbstractBeanFactory.getBean(AbstractBeanFactory.java:198)
	at org.codehaus.groovy.grails.orm.support.TransactionManagerPostProcessor.initialize(TransactionManagerPostProcessor.java:74)
	at org.codehaus.groovy.grails.orm.support.TransactionManagerPostProcessor.setBeanFactory(TransactionManagerPostProcessor.java:52)
	at org.springframework.beans.factory.support.AbstractAutowireCapableBeanFactory.invokeAwareMethods(AbstractAutowireCapableBeanFactory.java:1532)
	at org.springframework.beans.factory.support.AbstractAutowireCapableBeanFactory.initializeBean(AbstractAutowireCapableBeanFactory.java:1500)
	at org.springframework.beans.factory.support.AbstractAutowireCapableBeanFactory.doCreateBean(AbstractAutowireCapableBeanFactory.java:521)
	at org.codehaus.groovy.grails.commons.spring.ReloadAwareAutowireCapableBeanFactory.doCreateBean(ReloadAwareAutowireCapableBeanFactory.java:127)
	at org.springframework.beans.factory.support.AbstractAutowireCapableBeanFactory.createBean(AbstractAutowireCapableBeanFactory.java:458)
	at org.springframework.beans.factory.support.AbstractBeanFactory$1.getObject(AbstractBeanFactory.java:296)
	at org.springframework.beans.factory.support.DefaultSingletonBeanRegistry.getSingleton(DefaultSingletonBeanRegistry.java:223)
	at org.springframework.beans.factory.support.AbstractBeanFactory.doGetBean(AbstractBeanFactory.java:293)
	at org.springframework.beans.factory.support.AbstractBeanFactory.getBean(AbstractBeanFactory.java:198)
	at org.springframework.context.support.AbstractApplicationContext.registerBeanPostProcessors(AbstractApplicationContext.java:720)
	at org.springframework.context.support.AbstractApplicationContext.refresh(AbstractApplicationContext.java:464)
	at org.codehaus.groovy.grails.commons.spring.DefaultRuntimeSpringConfiguration.getApplicationContext(DefaultRuntimeSpringConfiguration.java:156)
	at org.codehaus.groovy.grails.commons.spring.GrailsRuntimeConfigurator.configure(GrailsRuntimeConfigurator.java:169)
	at org.codehaus.groovy.grails.commons.spring.GrailsRuntimeConfigurator.configure(GrailsRuntimeConfigurator.java:127)
	at org.codehaus.groovy.grails.web.context.GrailsConfigUtils.configureWebApplicationContext(GrailsConfigUtils.java:122)
	at org.codehaus.groovy.grails.web.context.GrailsContextLoader.initWebApplicationContext(GrailsContextLoader.java:108)
	at org.springframework.web.context.ContextLoaderListener.contextInitialized(ContextLoaderListener.java:112)
	at org.apache.catalina.core.StandardContext.listenerStart(StandardContext.java:4973)
	at org.apache.catalina.core.StandardContext.startInternal(StandardContext.java:5467)
	at org.apache.catalina.util.LifecycleBase.start(LifecycleBase.java:150)
	at org.apache.catalina.core.ContainerBase$StartChild.call(ContainerBase.java:1559)
	at org.apache.catalina.core.ContainerBase$StartChild.call(ContainerBase.java:1549)
	at java.util.concurrent.FutureTask$Sync.innerRun(FutureTask.java:334)
	at java.util.concurrent.FutureTask.run(FutureTask.java:166)
	at java.util.concurrent.ThreadPoolExecutor.runWorker(ThreadPoolExecutor.java:1145)
	at java.util.concurrent.ThreadPoolExecutor$Worker.run(ThreadPoolExecutor.java:615)
	at java.lang.Thread.run(Thread.java:722)
2014-08-07 09:53:10,591 [localhost-startStop-1] ERROR StackTrace  - Full Stack Trace:
org.springframework.beans.factory.BeanCreationException: Error creating bean with name 'transactionManagerPostProcessor': Initialization of bean failed; nested exception is org.springframework.beans.factory.BeanCreationException: Error creating bean with name 'transactionManager': Cannot resolve reference to bean 'sessionFactory' while setting bean property 'sessionFactory'; nested exception is org.springframework.beans.factory.BeanCreationException: Error creating bean with name 'sessionFactory': Invocation of init method failed; nested exception is groovy.lang.MissingPropertyException: No such property: surname for class: au.com.pws.people3.PersonName
	at java.util.concurrent.FutureTask$Sync.innerRun(FutureTask.java:334)
	at java.util.concurrent.FutureTask.run(FutureTask.java:166)
	at java.util.concurrent.ThreadPoolExecutor.runWorker(ThreadPoolExecutor.java:1145)
	at java.util.concurrent.ThreadPoolExecutor$Worker.run(ThreadPoolExecutor.java:615)
	at java.lang.Thread.run(Thread.java:722)
Caused by: org.springframework.beans.factory.BeanCreationException: Error creating bean with name 'transactionManager': Cannot resolve reference to bean 'sessionFactory' while setting bean property 'sessionFactory'; nested exception is org.springframework.beans.factory.BeanCreationException: Error creating bean with name 'sessionFactory': Invocation of init method failed; nested exception is groovy.lang.MissingPropertyException: No such property: surname for class: au.com.pws.people3.PersonName
	... 5 more
Caused by: org.springframework.beans.factory.BeanCreationException: Error creating bean with name 'sessionFactory': Invocation of init method failed; nested exception is groovy.lang.MissingPropertyException: No such property: surname for class: au.com.pws.people3.PersonName
	... 5 more
Caused by: groovy.lang.MissingPropertyException: No such property: surname for class: au.com.pws.people3.PersonName
	at au.com.pws.people3.PersonName$__clinit__closure1.doCall(PersonName.groovy:31)
	... 5 more
2014-08-07 09:53:10,600 [localhost-startStop-1] ERROR StackTrace  - Full Stack Trace:
org.springframework.beans.factory.BeanCreationException: Error creating bean with name 'transactionManagerPostProcessor': Initialization of bean failed; nested exception is org.springframework.beans.factory.BeanCreationException: Error creating bean with name 'transactionManager': Cannot resolve reference to bean 'sessionFactory' while setting bean property 'sessionFactory'; nested exception is org.springframework.beans.factory.BeanCreationException: Error creating bean with name 'sessionFactory': Invocation of init method failed; nested exception is groovy.lang.MissingPropertyException: No such property: surname for class: au.com.pws.people3.PersonName
	at java.util.concurrent.FutureTask$Sync.innerRun(FutureTask.java:334)
	at java.util.concurrent.FutureTask.run(FutureTask.java:166)
	at java.util.concurrent.ThreadPoolExecutor.runWorker(ThreadPoolExecutor.java:1145)
	at java.util.concurrent.ThreadPoolExecutor$Worker.run(ThreadPoolExecutor.java:615)
	at java.lang.Thread.run(Thread.java:722)
Caused by: org.springframework.beans.factory.BeanCreationException: Error creating bean with name 'transactionManager': Cannot resolve reference to bean 'sessionFactory' while setting bean property 'sessionFactory'; nested exception is org.springframework.beans.factory.BeanCreationException: Error creating bean with name 'sessionFactory': Invocation of init method failed; nested exception is groovy.lang.MissingPropertyException: No such property: surname for class: au.com.pws.people3.PersonName
	... 5 more
Caused by: org.springframework.beans.factory.BeanCreationException: Error creating bean with name 'sessionFactory': Invocation of init method failed; nested exception is groovy.lang.MissingPropertyException: No such property: surname for class: au.com.pws.people3.PersonName
	... 5 more
Caused by: groovy.lang.MissingPropertyException: No such property: surname for class: au.com.pws.people3.PersonName
	at au.com.pws.people3.PersonName$__clinit__closure1.doCall(PersonName.groovy:31)
	... 5 more
2014-08-07 09:53:10,608 [localhost-startStop-1] ERROR StackTrace  - Full Stack Trace:
org.springframework.beans.factory.BeanCreationException: Error creating bean with name 'transactionManager': Cannot resolve reference to bean 'sessionFactory' while setting bean property 'sessionFactory'; nested exception is org.springframework.beans.factory.BeanCreationException: Error creating bean with name 'sessionFactory': Invocation of init method failed; nested exception is groovy.lang.MissingPropertyException: No such property: surname for class: au.com.pws.people3.PersonName
	at java.util.concurrent.FutureTask$Sync.innerRun(FutureTask.java:334)
	at java.util.concurrent.FutureTask.run(FutureTask.java:166)
	at java.util.concurrent.ThreadPoolExecutor.runWorker(ThreadPoolExecutor.java:1145)
	at java.util.concurrent.ThreadPoolExecutor$Worker.run(ThreadPoolExecutor.java:615)
	at java.lang.Thread.run(Thread.java:722)
Caused by: org.springframework.beans.factory.BeanCreationException: Error creating bean with name 'sessionFactory': Invocation of init method failed; nested exception is groovy.lang.MissingPropertyException: No such property: surname for class: au.com.pws.people3.PersonName
	... 5 more
Caused by: groovy.lang.MissingPropertyException: No such property: surname for class: au.com.pws.people3.PersonName
	at au.com.pws.people3.PersonName$__clinit__closure1.doCall(PersonName.groovy:31)
	... 5 more
2014-08-07 09:53:10,612 [localhost-startStop-1] ERROR StackTrace  - Full Stack Trace:
org.springframework.beans.factory.BeanCreationException: Error creating bean with name 'sessionFactory': Invocation of init method failed; nested exception is groovy.lang.MissingPropertyException: No such property: surname for class: au.com.pws.people3.PersonName
	at java.util.concurrent.FutureTask$Sync.innerRun(FutureTask.java:334)
	at java.util.concurrent.FutureTask.run(FutureTask.java:166)
	at java.util.concurrent.ThreadPoolExecutor.runWorker(ThreadPoolExecutor.java:1145)
	at java.util.concurrent.ThreadPoolExecutor$Worker.run(ThreadPoolExecutor.java:615)
	at java.lang.Thread.run(Thread.java:722)
Caused by: groovy.lang.MissingPropertyException: No such property: surname for class: au.com.pws.people3.PersonName
	at au.com.pws.people3.PersonName$__clinit__closure1.doCall(PersonName.groovy:31)
	... 5 more
2014-08-07 09:53:10,617 [localhost-startStop-1] ERROR StackTrace  - Full Stack Trace:
groovy.lang.MissingPropertyException: No such property: surname for class: au.com.pws.people3.PersonName
	at au.com.pws.people3.PersonName$__clinit__closure1.doCall(PersonName.groovy:31)
	at java.util.concurrent.FutureTask$Sync.innerRun(FutureTask.java:334)
	at java.util.concurrent.FutureTask.run(FutureTask.java:166)
	at java.util.concurrent.ThreadPoolExecutor.runWorker(ThreadPoolExecutor.java:1145)
	at java.util.concurrent.ThreadPoolExecutor$Worker.run(ThreadPoolExecutor.java:615)
	at java.lang.Thread.run(Thread.java:722)
2014-08-07 09:53:10,619 [localhost-startStop-1] ERROR StackTrace  - Full Stack Trace:
org.springframework.beans.factory.BeanCreationException: Error creating bean with name 'transactionManagerPostProcessor': Initialization of bean failed; nested exception is org.springframework.beans.factory.BeanCreationException: Error creating bean with name 'transactionManager': Cannot resolve reference to bean 'sessionFactory' while setting bean property 'sessionFactory'; nested exception is org.springframework.beans.factory.BeanCreationException: Error creating bean with name 'sessionFactory': Invocation of init method failed; nested exception is groovy.lang.MissingPropertyException: No such property: surname for class: au.com.pws.people3.PersonName
	at java.util.concurrent.FutureTask$Sync.innerRun(FutureTask.java:334)
	at java.util.concurrent.FutureTask.run(FutureTask.java:166)
	at java.util.concurrent.ThreadPoolExecutor.runWorker(ThreadPoolExecutor.java:1145)
	at java.util.concurrent.ThreadPoolExecutor$Worker.run(ThreadPoolExecutor.java:615)
	at java.lang.Thread.run(Thread.java:722)
Caused by: org.springframework.beans.factory.BeanCreationException: Error creating bean with name 'transactionManager': Cannot resolve reference to bean 'sessionFactory' while setting bean property 'sessionFactory'; nested exception is org.springframework.beans.factory.BeanCreationException: Error creating bean with name 'sessionFactory': Invocation of init method failed; nested exception is groovy.lang.MissingPropertyException: No such property: surname for class: au.com.pws.people3.PersonName
	... 5 more
Caused by: org.springframework.beans.factory.BeanCreationException: Error creating bean with name 'sessionFactory': Invocation of init method failed; nested exception is groovy.lang.MissingPropertyException: No such property: surname for class: au.com.pws.people3.PersonName
	... 5 more
Caused by: groovy.lang.MissingPropertyException: No such property: surname for class: au.com.pws.people3.PersonName
	at au.com.pws.people3.PersonName$__clinit__closure1.doCall(PersonName.groovy:31)
	... 5 more
2014-08-07 09:53:10,623 [localhost-startStop-1] ERROR StackTrace  - Full Stack Trace:
org.springframework.beans.factory.BeanCreationException: Error creating bean with name 'transactionManagerPostProcessor': Initialization of bean failed; nested exception is org.springframework.beans.factory.BeanCreationException: Error creating bean with name 'transactionManager': Cannot resolve reference to bean 'sessionFactory' while setting bean property 'sessionFactory'; nested exception is org.springframework.beans.factory.BeanCreationException: Error creating bean with name 'sessionFactory': Invocation of init method failed; nested exception is groovy.lang.MissingPropertyException: No such property: surname for class: au.com.pws.people3.PersonName
	at java.util.concurrent.FutureTask$Sync.innerRun(FutureTask.java:334)
	at java.util.concurrent.FutureTask.run(FutureTask.java:166)
	at java.util.concurrent.ThreadPoolExecutor.runWorker(ThreadPoolExecutor.java:1145)
	at java.util.concurrent.ThreadPoolExecutor$Worker.run(ThreadPoolExecutor.java:615)
	at java.lang.Thread.run(Thread.java:722)
Caused by: org.springframework.beans.factory.BeanCreationException: Error creating bean with name 'transactionManager': Cannot resolve reference to bean 'sessionFactory' while setting bean property 'sessionFactory'; nested exception is org.springframework.beans.factory.BeanCreationException: Error creating bean with name 'sessionFactory': Invocation of init method failed; nested exception is groovy.lang.MissingPropertyException: No such property: surname for class: au.com.pws.people3.PersonName
	... 5 more
Caused by: org.springframework.beans.factory.BeanCreationException: Error creating bean with name 'sessionFactory': Invocation of init method failed; nested exception is groovy.lang.MissingPropertyException: No such property: surname for class: au.com.pws.people3.PersonName
	... 5 more
Caused by: groovy.lang.MissingPropertyException: No such property: surname for class: au.com.pws.people3.PersonName
	at au.com.pws.people3.PersonName$__clinit__closure1.doCall(PersonName.groovy:31)
	... 5 more
2014-08-07 09:53:10,624 [localhost-startStop-1] ERROR StackTrace  - Full Stack Trace:
org.springframework.beans.factory.BeanCreationException: Error creating bean with name 'transactionManager': Cannot resolve reference to bean 'sessionFactory' while setting bean property 'sessionFactory'; nested exception is org.springframework.beans.factory.BeanCreationException: Error creating bean with name 'sessionFactory': Invocation of init method failed; nested exception is groovy.lang.MissingPropertyException: No such property: surname for class: au.com.pws.people3.PersonName
	at java.util.concurrent.FutureTask$Sync.innerRun(FutureTask.java:334)
	at java.util.concurrent.FutureTask.run(FutureTask.java:166)
	at java.util.concurrent.ThreadPoolExecutor.runWorker(ThreadPoolExecutor.java:1145)
	at java.util.concurrent.ThreadPoolExecutor$Worker.run(ThreadPoolExecutor.java:615)
	at java.lang.Thread.run(Thread.java:722)
Caused by: org.springframework.beans.factory.BeanCreationException: Error creating bean with name 'sessionFactory': Invocation of init method failed; nested exception is groovy.lang.MissingPropertyException: No such property: surname for class: au.com.pws.people3.PersonName
	... 5 more
Caused by: groovy.lang.MissingPropertyException: No such property: surname for class: au.com.pws.people3.PersonName
	at au.com.pws.people3.PersonName$__clinit__closure1.doCall(PersonName.groovy:31)
	... 5 more
2014-08-07 09:53:10,624 [localhost-startStop-1] ERROR StackTrace  - Full Stack Trace:
org.springframework.beans.factory.BeanCreationException: Error creating bean with name 'sessionFactory': Invocation of init method failed; nested exception is groovy.lang.MissingPropertyException: No such property: surname for class: au.com.pws.people3.PersonName
	at java.util.concurrent.FutureTask$Sync.innerRun(FutureTask.java:334)
	at java.util.concurrent.FutureTask.run(FutureTask.java:166)
	at java.util.concurrent.ThreadPoolExecutor.runWorker(ThreadPoolExecutor.java:1145)
	at java.util.concurrent.ThreadPoolExecutor$Worker.run(ThreadPoolExecutor.java:615)
	at java.lang.Thread.run(Thread.java:722)
Caused by: groovy.lang.MissingPropertyException: No such property: surname for class: au.com.pws.people3.PersonName
	at au.com.pws.people3.PersonName$__clinit__closure1.doCall(PersonName.groovy:31)
	... 5 more
2014-08-07 09:53:10,625 [localhost-startStop-1] ERROR StackTrace  - Full Stack Trace:
groovy.lang.MissingPropertyException: No such property: surname for class: au.com.pws.people3.PersonName
	at au.com.pws.people3.PersonName$__clinit__closure1.doCall(PersonName.groovy:31)
	at java.util.concurrent.FutureTask$Sync.innerRun(FutureTask.java:334)
	at java.util.concurrent.FutureTask.run(FutureTask.java:166)
	at java.util.concurrent.ThreadPoolExecutor.runWorker(ThreadPoolExecutor.java:1145)
	at java.util.concurrent.ThreadPoolExecutor$Worker.run(ThreadPoolExecutor.java:615)
	at java.lang.Thread.run(Thread.java:722)
2014-08-07 09:53:10,625 [localhost-startStop-1] ERROR StackTrace  - Full Stack Trace:
org.springframework.beans.factory.BeanCreationException: Error creating bean with name 'transactionManagerPostProcessor': Initialization of bean failed; nested exception is org.springframework.beans.factory.BeanCreationException: Error creating bean with name 'transactionManager': Cannot resolve reference to bean 'sessionFactory' while setting bean property 'sessionFactory'; nested exception is org.springframework.beans.factory.BeanCreationException: Error creating bean with name 'sessionFactory': Invocation of init method failed; nested exception is groovy.lang.MissingPropertyException: No such property: surname for class: au.com.pws.people3.PersonName
	at java.util.concurrent.FutureTask$Sync.innerRun(FutureTask.java:334)
	at java.util.concurrent.FutureTask.run(FutureTask.java:166)
	at java.util.concurrent.ThreadPoolExecutor.runWorker(ThreadPoolExecutor.java:1145)
	at java.util.concurrent.ThreadPoolExecutor$Worker.run(ThreadPoolExecutor.java:615)
	at java.lang.Thread.run(Thread.java:722)
Caused by: org.springframework.beans.factory.BeanCreationException: Error creating bean with name 'transactionManager': Cannot resolve reference to bean 'sessionFactory' while setting bean property 'sessionFactory'; nested exception is org.springframework.beans.factory.BeanCreationException: Error creating bean with name 'sessionFactory': Invocation of init method failed; nested exception is groovy.lang.MissingPropertyException: No such property: surname for class: au.com.pws.people3.PersonName
	... 5 more
Caused by: org.springframework.beans.factory.BeanCreationException: Error creating bean with name 'sessionFactory': Invocation of init method failed; nested exception is groovy.lang.MissingPropertyException: No such property: surname for class: au.com.pws.people3.PersonName
	... 5 more
Caused by: groovy.lang.MissingPropertyException: No such property: surname for class: au.com.pws.people3.PersonName
	at au.com.pws.people3.PersonName$__clinit__closure1.doCall(PersonName.groovy:31)
	... 5 more
